
==========
== CUDA ==
==========

CUDA Version 12.1.1

Container image Copyright (c) 2016-2023, NVIDIA CORPORATION & AFFILIATES. All rights reserved.

This container image and its contents are governed by the NVIDIA Deep Learning Container License.
By pulling and using the container, you accept the terms and conditions of this license:
https://developer.nvidia.com/ngc/nvidia-deep-learning-container-license

A copy of this license is made available in this container at /NGC-DL-CONTAINER-LICENSE for your convenience.

Using device: cuda
Datasets created:
Train dataset: True
Val dataset: True
Test dataset: True
Epoch 1/5, Train Loss: 0.3969, Val Loss: 0.3263, Val AUC: 0.9708, Val Acc: 0.8511
Epoch 2/5, Train Loss: 0.1772, Val Loss: 0.1390, Val AUC: 0.9912, Val Acc: 0.9599
Epoch 3/5, Train Loss: 0.1211, Val Loss: 0.0999, Val AUC: 0.9946, Val Acc: 0.9695
Epoch 4/5, Train Loss: 0.0948, Val Loss: 0.0948, Val AUC: 0.9929, Val Acc: 0.9618
Epoch 5/5, Train Loss: 0.0995, Val Loss: 0.0882, Val AUC: 0.9957, Val Acc: 0.9580
Test Loss: 0.4426, Test AUC: 0.9782, Test Acc: 0.8269
